<?xml version="1.0" encoding="UTF-8"?>
<testng-results skipped="0" failed="0" ignored="0" total="1" passed="1">
  <reporter-output>
  </reporter-output>
  <suite name="TestSuite1" duration-ms="17788" started-at="2019-05-04T06:27:51Z" finished-at="2019-05-04T06:28:08Z">
    <groups>
      <group name="cucumber">
        <method signature="AbstractTestNGCucumberTests.runScenario(cucumber.api.testng.PickleEventWrapper, cucumber.api.testng.CucumberFeatureWrapper)[pri:0, instance:runner.MyRunnerClass@60c6f5b]" name="runScenario" class="cucumber.api.testng.AbstractTestNGCucumberTests"/>
      </group> <!-- cucumber -->
    </groups>
    <test name="firstFeatureTest" duration-ms="17788" started-at="2019-05-04T06:27:51Z" finished-at="2019-05-04T06:28:08Z">
      <class name="runner.MyRunnerClass">
        <test-method status="PASS" signature="setUpClass()[pri:0, instance:runner.MyRunnerClass@60c6f5b]" name="setUpClass" is-config="true" duration-ms="185" started-at="2019-05-04T06:27:51Z" finished-at="2019-05-04T06:27:51Z">
          <reporter-output>
          </reporter-output>
        </test-method> <!-- setUpClass -->
        <test-method status="PASS" signature="runScenario(cucumber.api.testng.PickleEventWrapper, cucumber.api.testng.CucumberFeatureWrapper)[pri:0, instance:runner.MyRunnerClass@60c6f5b]" name="runScenario" duration-ms="17427" started-at="2019-05-04T06:27:51Z" description="Runs Cucumber Scenarios" data-provider="scenarios" finished-at="2019-05-04T06:28:08Z">
          <params>
            <param index="0">
              <value>
                <![CDATA["Login to Amazon.in scenario test"]]>
              </value>
            </param>
            <param index="1">
              <value>
                <![CDATA["This is to test Amazon.in Login functionality"]]>
              </value>
            </param>
          </params>
          <reporter-output>
          </reporter-output>
        </test-method> <!-- runScenario -->
        <test-method status="PASS" signature="tearDownClass()[pri:0, instance:runner.MyRunnerClass@60c6f5b]" name="tearDownClass" is-config="true" duration-ms="86" started-at="2019-05-04T06:28:08Z" finished-at="2019-05-04T06:28:08Z">
          <reporter-output>
          </reporter-output>
        </test-method> <!-- tearDownClass -->
      </class> <!-- runner.MyRunnerClass -->
    </test> <!-- firstFeatureTest -->
  </suite> <!-- TestSuite1 -->
</testng-results>
